[ERROR] 2015-Jun-28 00:34:22 [main] Colchita: (a) ar.edu.ub.colchita.db.ConexionDB:39 - java.sql.SQLException: No suitable driver found for jdbc:ucanaccess:rsc/COLCHITADB.accdb
java.sql.SQLException: No suitable driver found for jdbc:ucanaccess:rsc/COLCHITADB.accdb
	at java.sql.DriverManager.getConnection(DriverManager.java:689) ~[?:1.8.0_25]
	at java.sql.DriverManager.getConnection(DriverManager.java:247) ~[?:1.8.0_25]
	at ar.edu.ub.colchita.db.ConexionDB.setConexion(ConexionDB.java:44) [bin/:?]
	at ar.edu.ub.colchita.db.ConexionDB.<init>(ConexionDB.java:35) [bin/:?]
	at ar.edu.ub.colchita.db.FuncionDAO.seleccionarFuncion(FuncionDAO.java:141) [bin/:?]
	at ar.edu.ub.colchita.db.FuncionDAO.seleccionarFuncionPorNombre(FuncionDAO.java:135) [bin/:?]
	at ar.edu.ub.colchita.controlador.ListadorControlador.ejecutar(ListadorControlador.java:22) [bin/:?]
	at ar.edu.ub.colchita.vista.VistaProgramaPrincipal$PanelListaFunciones.cargarLista(VistaProgramaPrincipal.java:375) [bin/:?]
	at ar.edu.ub.colchita.vista.VistaProgramaPrincipal$PanelListaFunciones.<init>(VistaProgramaPrincipal.java:313) [bin/:?]
	at ar.edu.ub.colchita.vista.VistaProgramaPrincipal$PanelSur.<init>(VistaProgramaPrincipal.java:263) [bin/:?]
	at ar.edu.ub.colchita.vista.VistaProgramaPrincipal.<init>(VistaProgramaPrincipal.java:57) [bin/:?]
	at ar.edu.ub.colchita.controlador.ControladorPrincipal.mostrarProgramaPrincipalView(ControladorPrincipal.java:40) [bin/:?]
	at ar.edu.ub.colchita.controlador.ControladorPrincipal.main(ControladorPrincipal.java:45) [bin/:?]
[ERROR] 2015-Jun-28 00:34:24 [main] Colchita: (a) ar.edu.ub.colchita.controlador.ListadorControlador:19 - java.lang.NullPointerException
java.lang.NullPointerException
	at ar.edu.ub.colchita.db.ConexionDB.hayAlertasConexion(ConexionDB.java:63) ~[bin/:?]
	at ar.edu.ub.colchita.db.ConexionDB.setConexion(ConexionDB.java:49) ~[bin/:?]
	at ar.edu.ub.colchita.db.ConexionDB.<init>(ConexionDB.java:35) ~[bin/:?]
	at ar.edu.ub.colchita.db.FuncionDAO.seleccionarFuncion(FuncionDAO.java:141) ~[bin/:?]
	at ar.edu.ub.colchita.db.FuncionDAO.seleccionarFuncionPorNombre(FuncionDAO.java:135) ~[bin/:?]
	at ar.edu.ub.colchita.controlador.ListadorControlador.ejecutar(ListadorControlador.java:22) [bin/:?]
	at ar.edu.ub.colchita.vista.VistaProgramaPrincipal$PanelListaFunciones.cargarLista(VistaProgramaPrincipal.java:375) [bin/:?]
	at ar.edu.ub.colchita.vista.VistaProgramaPrincipal$PanelListaFunciones.<init>(VistaProgramaPrincipal.java:313) [bin/:?]
	at ar.edu.ub.colchita.vista.VistaProgramaPrincipal$PanelSur.<init>(VistaProgramaPrincipal.java:263) [bin/:?]
	at ar.edu.ub.colchita.vista.VistaProgramaPrincipal.<init>(VistaProgramaPrincipal.java:57) [bin/:?]
	at ar.edu.ub.colchita.controlador.ControladorPrincipal.mostrarProgramaPrincipalView(ControladorPrincipal.java:40) [bin/:?]
	at ar.edu.ub.colchita.controlador.ControladorPrincipal.main(ControladorPrincipal.java:45) [bin/:?]
[ERROR] 2015-Jun-28 00:35:28 [main] Colchita: (a) ar.edu.ub.colchita.db.ConexionDB:39 - java.sql.SQLException: No suitable driver found for jdbc:ucanaccess:rsc/COLCHITADB.accdb
java.sql.SQLException: No suitable driver found for jdbc:ucanaccess:rsc/COLCHITADB.accdb
	at java.sql.DriverManager.getConnection(DriverManager.java:689) ~[?:1.8.0_25]
	at java.sql.DriverManager.getConnection(DriverManager.java:247) ~[?:1.8.0_25]
	at ar.edu.ub.colchita.db.ConexionDB.setConexion(ConexionDB.java:44) [bin/:?]
	at ar.edu.ub.colchita.db.ConexionDB.<init>(ConexionDB.java:35) [bin/:?]
	at ar.edu.ub.colchita.db.FuncionDAO.seleccionarFuncion(FuncionDAO.java:141) [bin/:?]
	at ar.edu.ub.colchita.db.FuncionDAO.seleccionarFuncionPorNombre(FuncionDAO.java:135) [bin/:?]
	at ar.edu.ub.colchita.controlador.ListadorControlador.ejecutar(ListadorControlador.java:22) [bin/:?]
	at ar.edu.ub.colchita.vista.VistaProgramaPrincipal$PanelListaFunciones.cargarLista(VistaProgramaPrincipal.java:375) [bin/:?]
	at ar.edu.ub.colchita.vista.VistaProgramaPrincipal$PanelListaFunciones.<init>(VistaProgramaPrincipal.java:313) [bin/:?]
	at ar.edu.ub.colchita.vista.VistaProgramaPrincipal$PanelSur.<init>(VistaProgramaPrincipal.java:263) [bin/:?]
	at ar.edu.ub.colchita.vista.VistaProgramaPrincipal.<init>(VistaProgramaPrincipal.java:57) [bin/:?]
	at ar.edu.ub.colchita.controlador.ControladorPrincipal.mostrarProgramaPrincipalView(ControladorPrincipal.java:40) [bin/:?]
	at ar.edu.ub.colchita.controlador.ControladorPrincipal.main(ControladorPrincipal.java:45) [bin/:?]
[ERROR] 2015-Jun-28 00:35:30 [main] Colchita: (a) ar.edu.ub.colchita.controlador.ListadorControlador:19 - java.lang.NullPointerException
java.lang.NullPointerException
	at ar.edu.ub.colchita.db.ConexionDB.hayAlertasConexion(ConexionDB.java:63) ~[bin/:?]
	at ar.edu.ub.colchita.db.ConexionDB.setConexion(ConexionDB.java:49) ~[bin/:?]
	at ar.edu.ub.colchita.db.ConexionDB.<init>(ConexionDB.java:35) ~[bin/:?]
	at ar.edu.ub.colchita.db.FuncionDAO.seleccionarFuncion(FuncionDAO.java:141) ~[bin/:?]
	at ar.edu.ub.colchita.db.FuncionDAO.seleccionarFuncionPorNombre(FuncionDAO.java:135) ~[bin/:?]
	at ar.edu.ub.colchita.controlador.ListadorControlador.ejecutar(ListadorControlador.java:22) [bin/:?]
	at ar.edu.ub.colchita.vista.VistaProgramaPrincipal$PanelListaFunciones.cargarLista(VistaProgramaPrincipal.java:375) [bin/:?]
	at ar.edu.ub.colchita.vista.VistaProgramaPrincipal$PanelListaFunciones.<init>(VistaProgramaPrincipal.java:313) [bin/:?]
	at ar.edu.ub.colchita.vista.VistaProgramaPrincipal$PanelSur.<init>(VistaProgramaPrincipal.java:263) [bin/:?]
	at ar.edu.ub.colchita.vista.VistaProgramaPrincipal.<init>(VistaProgramaPrincipal.java:57) [bin/:?]
	at ar.edu.ub.colchita.controlador.ControladorPrincipal.mostrarProgramaPrincipalView(ControladorPrincipal.java:40) [bin/:?]
	at ar.edu.ub.colchita.controlador.ControladorPrincipal.main(ControladorPrincipal.java:45) [bin/:?]
[ERROR] 2015-Jun-28 00:36:12 [main] Colchita: (a) ar.edu.ub.colchita.db.ConexionDB:39 - java.sql.SQLException: No suitable driver found for jdbc:ucanaccess:/rsc/COLCHITADB.accdb
java.sql.SQLException: No suitable driver found for jdbc:ucanaccess:/rsc/COLCHITADB.accdb
	at java.sql.DriverManager.getConnection(DriverManager.java:689) ~[?:1.8.0_25]
	at java.sql.DriverManager.getConnection(DriverManager.java:247) ~[?:1.8.0_25]
	at ar.edu.ub.colchita.db.ConexionDB.setConexion(ConexionDB.java:44) [bin/:?]
	at ar.edu.ub.colchita.db.ConexionDB.<init>(ConexionDB.java:35) [bin/:?]
	at ar.edu.ub.colchita.db.FuncionDAO.seleccionarFuncion(FuncionDAO.java:141) [bin/:?]
	at ar.edu.ub.colchita.db.FuncionDAO.seleccionarFuncionPorNombre(FuncionDAO.java:135) [bin/:?]
	at ar.edu.ub.colchita.controlador.ListadorControlador.ejecutar(ListadorControlador.java:22) [bin/:?]
	at ar.edu.ub.colchita.vista.VistaProgramaPrincipal$PanelListaFunciones.cargarLista(VistaProgramaPrincipal.java:375) [bin/:?]
	at ar.edu.ub.colchita.vista.VistaProgramaPrincipal$PanelListaFunciones.<init>(VistaProgramaPrincipal.java:313) [bin/:?]
	at ar.edu.ub.colchita.vista.VistaProgramaPrincipal$PanelSur.<init>(VistaProgramaPrincipal.java:263) [bin/:?]
	at ar.edu.ub.colchita.vista.VistaProgramaPrincipal.<init>(VistaProgramaPrincipal.java:57) [bin/:?]
	at ar.edu.ub.colchita.controlador.ControladorPrincipal.mostrarProgramaPrincipalView(ControladorPrincipal.java:40) [bin/:?]
	at ar.edu.ub.colchita.controlador.ControladorPrincipal.main(ControladorPrincipal.java:45) [bin/:?]
[ERROR] 2015-Jun-28 00:36:14 [main] Colchita: (a) ar.edu.ub.colchita.controlador.ListadorControlador:19 - java.lang.NullPointerException
java.lang.NullPointerException
	at ar.edu.ub.colchita.db.ConexionDB.hayAlertasConexion(ConexionDB.java:63) ~[bin/:?]
	at ar.edu.ub.colchita.db.ConexionDB.setConexion(ConexionDB.java:49) ~[bin/:?]
	at ar.edu.ub.colchita.db.ConexionDB.<init>(ConexionDB.java:35) ~[bin/:?]
	at ar.edu.ub.colchita.db.FuncionDAO.seleccionarFuncion(FuncionDAO.java:141) ~[bin/:?]
	at ar.edu.ub.colchita.db.FuncionDAO.seleccionarFuncionPorNombre(FuncionDAO.java:135) ~[bin/:?]
	at ar.edu.ub.colchita.controlador.ListadorControlador.ejecutar(ListadorControlador.java:22) [bin/:?]
	at ar.edu.ub.colchita.vista.VistaProgramaPrincipal$PanelListaFunciones.cargarLista(VistaProgramaPrincipal.java:375) [bin/:?]
	at ar.edu.ub.colchita.vista.VistaProgramaPrincipal$PanelListaFunciones.<init>(VistaProgramaPrincipal.java:313) [bin/:?]
	at ar.edu.ub.colchita.vista.VistaProgramaPrincipal$PanelSur.<init>(VistaProgramaPrincipal.java:263) [bin/:?]
	at ar.edu.ub.colchita.vista.VistaProgramaPrincipal.<init>(VistaProgramaPrincipal.java:57) [bin/:?]
	at ar.edu.ub.colchita.controlador.ControladorPrincipal.mostrarProgramaPrincipalView(ControladorPrincipal.java:40) [bin/:?]
	at ar.edu.ub.colchita.controlador.ControladorPrincipal.main(ControladorPrincipal.java:45) [bin/:?]
[ERROR] 2015-Jun-28 00:43:47 [main] Colchita: (a) ar.edu.ub.colchita.db.ConexionDB:39 - java.sql.SQLException: No suitable driver found for jdbc:ucanaccess:/rsc
java.sql.SQLException: No suitable driver found for jdbc:ucanaccess:/rsc
	at java.sql.DriverManager.getConnection(DriverManager.java:689) ~[?:1.8.0_25]
	at java.sql.DriverManager.getConnection(DriverManager.java:247) ~[?:1.8.0_25]
	at ar.edu.ub.colchita.db.ConexionDB.setConexion(ConexionDB.java:44) [bin/:?]
	at ar.edu.ub.colchita.db.ConexionDB.<init>(ConexionDB.java:35) [bin/:?]
	at ar.edu.ub.colchita.db.FuncionDAO.seleccionarFuncion(FuncionDAO.java:141) [bin/:?]
	at ar.edu.ub.colchita.db.FuncionDAO.seleccionarFuncionPorNombre(FuncionDAO.java:135) [bin/:?]
	at ar.edu.ub.colchita.controlador.ListadorControlador.ejecutar(ListadorControlador.java:22) [bin/:?]
	at ar.edu.ub.colchita.vista.VistaProgramaPrincipal$PanelListaFunciones.cargarLista(VistaProgramaPrincipal.java:375) [bin/:?]
	at ar.edu.ub.colchita.vista.VistaProgramaPrincipal$PanelListaFunciones.<init>(VistaProgramaPrincipal.java:313) [bin/:?]
	at ar.edu.ub.colchita.vista.VistaProgramaPrincipal$PanelSur.<init>(VistaProgramaPrincipal.java:263) [bin/:?]
	at ar.edu.ub.colchita.vista.VistaProgramaPrincipal.<init>(VistaProgramaPrincipal.java:57) [bin/:?]
	at ar.edu.ub.colchita.controlador.ControladorPrincipal.mostrarProgramaPrincipalView(ControladorPrincipal.java:40) [bin/:?]
	at ar.edu.ub.colchita.controlador.ControladorPrincipal.main(ControladorPrincipal.java:45) [bin/:?]
[ERROR] 2015-Jun-28 00:43:49 [main] Colchita: (a) ar.edu.ub.colchita.controlador.ListadorControlador:19 - java.lang.NullPointerException
java.lang.NullPointerException
	at ar.edu.ub.colchita.db.ConexionDB.hayAlertasConexion(ConexionDB.java:63) ~[bin/:?]
	at ar.edu.ub.colchita.db.ConexionDB.setConexion(ConexionDB.java:49) ~[bin/:?]
	at ar.edu.ub.colchita.db.ConexionDB.<init>(ConexionDB.java:35) ~[bin/:?]
	at ar.edu.ub.colchita.db.FuncionDAO.seleccionarFuncion(FuncionDAO.java:141) ~[bin/:?]
	at ar.edu.ub.colchita.db.FuncionDAO.seleccionarFuncionPorNombre(FuncionDAO.java:135) ~[bin/:?]
	at ar.edu.ub.colchita.controlador.ListadorControlador.ejecutar(ListadorControlador.java:22) [bin/:?]
	at ar.edu.ub.colchita.vista.VistaProgramaPrincipal$PanelListaFunciones.cargarLista(VistaProgramaPrincipal.java:375) [bin/:?]
	at ar.edu.ub.colchita.vista.VistaProgramaPrincipal$PanelListaFunciones.<init>(VistaProgramaPrincipal.java:313) [bin/:?]
	at ar.edu.ub.colchita.vista.VistaProgramaPrincipal$PanelSur.<init>(VistaProgramaPrincipal.java:263) [bin/:?]
	at ar.edu.ub.colchita.vista.VistaProgramaPrincipal.<init>(VistaProgramaPrincipal.java:57) [bin/:?]
	at ar.edu.ub.colchita.controlador.ControladorPrincipal.mostrarProgramaPrincipalView(ControladorPrincipal.java:40) [bin/:?]
	at ar.edu.ub.colchita.controlador.ControladorPrincipal.main(ControladorPrincipal.java:45) [bin/:?]
[ERROR] 2015-Jun-28 01:04:03 [main] Colchita: (a) ar.edu.ub.colchita.controlador.ListadorControlador:19 - java.lang.NullPointerException
java.lang.NullPointerException
	at java.util.Objects.requireNonNull(Objects.java:203) ~[?:1.8.0_25]
	at java.nio.file.Files.copy(Files.java:2984) ~[?:1.8.0_25]
	at ar.edu.ub.colchita.db.ConexionDB.setConexion(ConexionDB.java:52) ~[bin/:?]
	at ar.edu.ub.colchita.db.ConexionDB.<init>(ConexionDB.java:39) ~[bin/:?]
	at ar.edu.ub.colchita.db.FuncionDAO.seleccionarFuncion(FuncionDAO.java:141) ~[bin/:?]
	at ar.edu.ub.colchita.db.FuncionDAO.seleccionarFuncionPorNombre(FuncionDAO.java:135) ~[bin/:?]
	at ar.edu.ub.colchita.controlador.ListadorControlador.ejecutar(ListadorControlador.java:22) [bin/:?]
	at ar.edu.ub.colchita.vista.VistaProgramaPrincipal$PanelListaFunciones.cargarLista(VistaProgramaPrincipal.java:375) [bin/:?]
	at ar.edu.ub.colchita.vista.VistaProgramaPrincipal$PanelListaFunciones.<init>(VistaProgramaPrincipal.java:313) [bin/:?]
	at ar.edu.ub.colchita.vista.VistaProgramaPrincipal$PanelSur.<init>(VistaProgramaPrincipal.java:263) [bin/:?]
	at ar.edu.ub.colchita.vista.VistaProgramaPrincipal.<init>(VistaProgramaPrincipal.java:57) [bin/:?]
	at ar.edu.ub.colchita.controlador.ControladorPrincipal.mostrarProgramaPrincipalView(ControladorPrincipal.java:40) [bin/:?]
	at ar.edu.ub.colchita.controlador.ControladorPrincipal.main(ControladorPrincipal.java:45) [bin/:?]
[ERROR] 2015-Jun-28 01:06:55 [main] Colchita: (a) ar.edu.ub.colchita.controlador.ListadorControlador:19 - java.lang.NullPointerException
java.lang.NullPointerException
	at java.util.Objects.requireNonNull(Objects.java:203) ~[?:1.8.0_25]
	at java.nio.file.Files.copy(Files.java:2984) ~[?:1.8.0_25]
	at ar.edu.ub.colchita.db.ConexionDB.setConexion(ConexionDB.java:52) ~[bin/:?]
	at ar.edu.ub.colchita.db.ConexionDB.<init>(ConexionDB.java:39) ~[bin/:?]
	at ar.edu.ub.colchita.db.FuncionDAO.seleccionarFuncion(FuncionDAO.java:141) ~[bin/:?]
	at ar.edu.ub.colchita.db.FuncionDAO.seleccionarFuncionPorNombre(FuncionDAO.java:135) ~[bin/:?]
	at ar.edu.ub.colchita.controlador.ListadorControlador.ejecutar(ListadorControlador.java:22) [bin/:?]
	at ar.edu.ub.colchita.vista.VistaProgramaPrincipal$PanelListaFunciones.cargarLista(VistaProgramaPrincipal.java:375) [bin/:?]
	at ar.edu.ub.colchita.vista.VistaProgramaPrincipal$PanelListaFunciones.<init>(VistaProgramaPrincipal.java:313) [bin/:?]
	at ar.edu.ub.colchita.vista.VistaProgramaPrincipal$PanelSur.<init>(VistaProgramaPrincipal.java:263) [bin/:?]
	at ar.edu.ub.colchita.vista.VistaProgramaPrincipal.<init>(VistaProgramaPrincipal.java:57) [bin/:?]
	at ar.edu.ub.colchita.controlador.ControladorPrincipal.mostrarProgramaPrincipalView(ControladorPrincipal.java:40) [bin/:?]
	at ar.edu.ub.colchita.controlador.ControladorPrincipal.main(ControladorPrincipal.java:45) [bin/:?]
